2018-01-07 21:34:34,808 [Dummy-1:6248] [django.db.backends:89] [utils:execute] [DEBUG]- (0.000) QUERY = "\n            SELECT name, type FROM sqlite_master\n            WHERE type in ('table', 'view') AND NOT name='sqlite_sequence'\n            ORDER BY name" - PARAMS = (); args=None
2018-01-07 21:34:34,809 [Dummy-1:6248] [django.db.backends:89] [utils:execute] [DEBUG]- (0.000) QUERY = u'BEGIN' - PARAMS = (); args=None
2018-01-07 21:34:34,811 [Dummy-1:6248] [django.db.backends.schema:102] [schema:execute] [DEBUG]- CREATE TABLE "django_migrations" ("id" integer NOT NULL PRIMARY KEY AUTOINCREMENT, "app" varchar(255) NOT NULL, "name" varchar(255) NOT NULL, "applied" datetime NOT NULL); (params None)
2018-01-07 21:34:34,813 [Dummy-1:6248] [django.db.backends:89] [utils:execute] [DEBUG]- (0.003) QUERY = u'CREATE TABLE "django_migrations" ("id" integer NOT NULL PRIMARY KEY AUTOINCREMENT, "app" varchar(255) NOT NULL, "name" varchar(255) NOT NULL, "applied" datetime NOT NULL)' - PARAMS = (); args=None
2018-01-07 21:34:34,888 [Dummy-1:6248] [django.db.backends:89] [utils:execute] [DEBUG]- (0.000) QUERY = u'SELECT "django_migrations"."app", "django_migrations"."name" FROM "django_migrations"' - PARAMS = (); args=()
2018-01-07 21:34:50,053 [Thread-2:12304] [blog.views:22] [views:index] [ERROR]- [Errno 2] No such file or directory: 'sss.txt'
2018-01-07 21:34:54,637 [Thread-12:5064] [blog.views:22] [views:index] [ERROR]- [Errno 2] No such file or directory: 'sss.txt'
2018-01-07 21:37:49,895 [Thread-23:12292] [blog.views:22] [views:index] [ERROR]- [Errno 2] No such file or directory: 'sss.txt'
2018-01-07 21:37:53,426 [Thread-33:5280] [blog.views:22] [views:index] [ERROR]- [Errno 2] No such file or directory: 'sss.txt'
2018-01-07 21:37:54,634 [Thread-45:7244] [blog.views:22] [views:index] [ERROR]- [Errno 2] No such file or directory: 'sss.txt'
2018-01-07 21:37:56,476 [Thread-55:13000] [blog.views:22] [views:index] [ERROR]- [Errno 2] No such file or directory: 'sss.txt'
2018-01-07 21:38:09,516 [Thread-66:12008] [blog.views:22] [views:index] [ERROR]- [Errno 2] No such file or directory: 'sss.txt'
2018-01-07 21:38:11,782 [Thread-80:11628] [blog.views:22] [views:index] [ERROR]- [Errno 2] No such file or directory: 'sss.txt'
2018-01-07 21:46:41,740 [Dummy-1:8884] [django.db.backends:89] [utils:execute] [DEBUG]- (0.000) QUERY = "\n            SELECT name, type FROM sqlite_master\n            WHERE type in ('table', 'view') AND NOT name='sqlite_sequence'\n            ORDER BY name" - PARAMS = (); args=None
2018-01-07 21:46:41,743 [Dummy-1:8884] [django.db.backends:89] [utils:execute] [DEBUG]- (0.000) QUERY = u'SELECT "django_migrations"."app", "django_migrations"."name" FROM "django_migrations"' - PARAMS = (); args=()
2018-01-07 21:46:49,250 [Thread-2:2412] [blog.views:22] [views:index] [ERROR]- [Errno 2] No such file or directory: 'sss.txt'
2018-01-07 21:47:00,071 [Thread-12:7772] [blog.views:22] [views:index] [ERROR]- [Errno 2] No such file or directory: 'sss.txt'
2018-01-07 21:47:02,368 [Thread-24:9908] [blog.views:22] [views:index] [ERROR]- [Errno 2] No such file or directory: 'sss.txt'
2018-01-07 21:47:04,825 [Thread-33:8204] [blog.views:22] [views:index] [ERROR]- [Errno 2] No such file or directory: 'sss.txt'
2018-01-07 21:48:59,934 [Thread-43:4648] [blog.views:22] [views:index] [ERROR]- [Errno 2] No such file or directory: 'sss.txt'
2018-01-07 21:49:02,233 [Thread-52:4868] [blog.views:22] [views:index] [ERROR]- [Errno 2] No such file or directory: 'sss.txt'
2018-01-07 21:49:07,242 [Thread-62:10236] [blog.views:22] [views:index] [ERROR]- [Errno 2] No such file or directory: 'sss.txt'
2018-01-07 21:49:09,177 [Thread-71:664] [blog.views:22] [views:index] [ERROR]- [Errno 2] No such file or directory: 'sss.txt'
2018-01-07 21:50:12,677 [Thread-80:9056] [blog.views:22] [views:index] [ERROR]- [Errno 2] No such file or directory: 'sss.txt'
2018-01-07 21:50:15,174 [Thread-90:11884] [blog.views:22] [views:index] [ERROR]- [Errno 2] No such file or directory: 'sss.txt'
2018-01-07 21:50:27,707 [Thread-100:9032] [blog.views:22] [views:index] [ERROR]- [Errno 2] No such file or directory: 'sss.txt'
2018-01-07 21:50:33,263 [Thread-114:3816] [blog.views:22] [views:index] [ERROR]- [Errno 2] No such file or directory: 'sss.txt'
2018-01-07 21:50:59,984 [Thread-124:6824] [blog.views:22] [views:index] [ERROR]- [Errno 2] No such file or directory: 'sss.txt'
2018-01-07 21:51:01,980 [Thread-134:11216] [blog.views:22] [views:index] [ERROR]- [Errno 2] No such file or directory: 'sss.txt'
2018-01-07 21:51:03,611 [Thread-147:2904] [blog.views:22] [views:index] [ERROR]- [Errno 2] No such file or directory: 'sss.txt'
2018-01-07 21:51:15,404 [Dummy-1:11176] [django.db.backends:89] [utils:execute] [DEBUG]- (0.000) QUERY = "\n            SELECT name, type FROM sqlite_master\n            WHERE type in ('table', 'view') AND NOT name='sqlite_sequence'\n            ORDER BY name" - PARAMS = (); args=None
2018-01-07 21:51:15,407 [Dummy-1:11176] [django.db.backends:89] [utils:execute] [DEBUG]- (0.000) QUERY = u'SELECT "django_migrations"."app", "django_migrations"."name" FROM "django_migrations"' - PARAMS = (); args=()
2018-01-07 21:51:19,489 [Thread-2:9948] [blog.views:22] [views:index] [ERROR]- [Errno 2] No such file or directory: 'sss.txt'
2018-01-07 21:51:21,933 [Thread-12:12836] [blog.views:22] [views:index] [ERROR]- [Errno 2] No such file or directory: 'sss.txt'
2018-01-07 21:52:30,933 [Thread-22:3480] [blog.views:22] [views:index] [ERROR]- [Errno 2] No such file or directory: 'sss.txt'
2018-01-07 21:52:32,918 [Thread-31:11860] [blog.views:22] [views:index] [ERROR]- [Errno 2] No such file or directory: 'sss.txt'
2018-01-07 21:52:35,259 [Thread-43:8880] [blog.views:22] [views:index] [ERROR]- [Errno 2] No such file or directory: 'sss.txt'
2018-01-07 21:52:40,634 [Thread-55:11620] [blog.views:22] [views:index] [ERROR]- [Errno 2] No such file or directory: 'sss.txt'
2018-01-07 21:52:42,664 [Thread-64:3944] [blog.views:22] [views:index] [ERROR]- [Errno 2] No such file or directory: 'sss.txt'
2018-01-07 21:53:16,729 [Thread-78:6640] [blog.views:22] [views:index] [ERROR]- [Errno 2] No such file or directory: 'sss.txt'
2018-01-07 21:54:18,588 [Thread-89:4492] [blog.views:22] [views:index] [ERROR]- [Errno 2] No such file or directory: 'sss.txt'
2018-01-07 21:55:45,210 [Thread-100:10740] [blog.views:22] [views:index] [ERROR]- [Errno 2] No such file or directory: 'sss.txt'
2018-01-07 22:00:05,976 [Thread-107:11148] [blog.views:22] [views:index] [ERROR]- [Errno 2] No such file or directory: 'sss.txt'
2018-01-07 23:49:31,046 [Thread-132:12504] [blog.views:22] [views:index] [ERROR]- [Errno 2] No such file or directory: 'sss.txt'
2018-01-07 23:50:07,299 [Thread-137:7632] [blog.views:22] [views:index] [ERROR]- [Errno 2] No such file or directory: 'sss.txt'
2018-01-07 23:55:59,313 [Thread-142:12084] [blog.views:22] [views:index] [ERROR]- [Errno 2] No such file or directory: 'sss.txt'
