2018-01-07 21:34:50,053 [Thread-2:12304] [blog.views:22] [views:index] [ERROR]- [Errno 2] No such file or directory: 'sss.txt'
2018-01-07 21:34:54,637 [Thread-12:5064] [blog.views:22] [views:index] [ERROR]- [Errno 2] No such file or directory: 'sss.txt'
2018-01-07 21:37:49,895 [Thread-23:12292] [blog.views:22] [views:index] [ERROR]- [Errno 2] No such file or directory: 'sss.txt'
2018-01-07 21:37:53,426 [Thread-33:5280] [blog.views:22] [views:index] [ERROR]- [Errno 2] No such file or directory: 'sss.txt'
2018-01-07 21:37:54,634 [Thread-45:7244] [blog.views:22] [views:index] [ERROR]- [Errno 2] No such file or directory: 'sss.txt'
2018-01-07 21:37:56,476 [Thread-55:13000] [blog.views:22] [views:index] [ERROR]- [Errno 2] No such file or directory: 'sss.txt'
2018-01-07 21:38:09,516 [Thread-66:12008] [blog.views:22] [views:index] [ERROR]- [Errno 2] No such file or directory: 'sss.txt'
2018-01-07 21:38:11,782 [Thread-80:11628] [blog.views:22] [views:index] [ERROR]- [Errno 2] No such file or directory: 'sss.txt'
2018-01-07 21:46:49,250 [Thread-2:2412] [blog.views:22] [views:index] [ERROR]- [Errno 2] No such file or directory: 'sss.txt'
2018-01-07 21:47:00,071 [Thread-12:7772] [blog.views:22] [views:index] [ERROR]- [Errno 2] No such file or directory: 'sss.txt'
2018-01-07 21:47:02,368 [Thread-24:9908] [blog.views:22] [views:index] [ERROR]- [Errno 2] No such file or directory: 'sss.txt'
2018-01-07 21:47:04,825 [Thread-33:8204] [blog.views:22] [views:index] [ERROR]- [Errno 2] No such file or directory: 'sss.txt'
2018-01-07 21:48:59,934 [Thread-43:4648] [blog.views:22] [views:index] [ERROR]- [Errno 2] No such file or directory: 'sss.txt'
2018-01-07 21:49:02,233 [Thread-52:4868] [blog.views:22] [views:index] [ERROR]- [Errno 2] No such file or directory: 'sss.txt'
2018-01-07 21:49:07,242 [Thread-62:10236] [blog.views:22] [views:index] [ERROR]- [Errno 2] No such file or directory: 'sss.txt'
2018-01-07 21:49:09,177 [Thread-71:664] [blog.views:22] [views:index] [ERROR]- [Errno 2] No such file or directory: 'sss.txt'
2018-01-07 21:50:12,677 [Thread-80:9056] [blog.views:22] [views:index] [ERROR]- [Errno 2] No such file or directory: 'sss.txt'
2018-01-07 21:50:15,174 [Thread-90:11884] [blog.views:22] [views:index] [ERROR]- [Errno 2] No such file or directory: 'sss.txt'
2018-01-07 21:50:27,707 [Thread-100:9032] [blog.views:22] [views:index] [ERROR]- [Errno 2] No such file or directory: 'sss.txt'
2018-01-07 21:50:33,263 [Thread-114:3816] [blog.views:22] [views:index] [ERROR]- [Errno 2] No such file or directory: 'sss.txt'
2018-01-07 21:50:59,984 [Thread-124:6824] [blog.views:22] [views:index] [ERROR]- [Errno 2] No such file or directory: 'sss.txt'
2018-01-07 21:51:01,980 [Thread-134:11216] [blog.views:22] [views:index] [ERROR]- [Errno 2] No such file or directory: 'sss.txt'
2018-01-07 21:51:03,611 [Thread-147:2904] [blog.views:22] [views:index] [ERROR]- [Errno 2] No such file or directory: 'sss.txt'
2018-01-07 21:51:19,489 [Thread-2:9948] [blog.views:22] [views:index] [ERROR]- [Errno 2] No such file or directory: 'sss.txt'
2018-01-07 21:51:21,933 [Thread-12:12836] [blog.views:22] [views:index] [ERROR]- [Errno 2] No such file or directory: 'sss.txt'
2018-01-07 21:52:30,933 [Thread-22:3480] [blog.views:22] [views:index] [ERROR]- [Errno 2] No such file or directory: 'sss.txt'
2018-01-07 21:52:32,918 [Thread-31:11860] [blog.views:22] [views:index] [ERROR]- [Errno 2] No such file or directory: 'sss.txt'
2018-01-07 21:52:35,259 [Thread-43:8880] [blog.views:22] [views:index] [ERROR]- [Errno 2] No such file or directory: 'sss.txt'
2018-01-07 21:52:40,634 [Thread-55:11620] [blog.views:22] [views:index] [ERROR]- [Errno 2] No such file or directory: 'sss.txt'
2018-01-07 21:52:42,664 [Thread-64:3944] [blog.views:22] [views:index] [ERROR]- [Errno 2] No such file or directory: 'sss.txt'
2018-01-07 21:53:16,729 [Thread-78:6640] [blog.views:22] [views:index] [ERROR]- [Errno 2] No such file or directory: 'sss.txt'
2018-01-07 21:54:18,588 [Thread-89:4492] [blog.views:22] [views:index] [ERROR]- [Errno 2] No such file or directory: 'sss.txt'
2018-01-07 21:55:45,210 [Thread-100:10740] [blog.views:22] [views:index] [ERROR]- [Errno 2] No such file or directory: 'sss.txt'
2018-01-07 22:00:05,976 [Thread-107:11148] [blog.views:22] [views:index] [ERROR]- [Errno 2] No such file or directory: 'sss.txt'
2018-01-07 23:49:31,046 [Thread-132:12504] [blog.views:22] [views:index] [ERROR]- [Errno 2] No such file or directory: 'sss.txt'
2018-01-07 23:50:07,299 [Thread-137:7632] [blog.views:22] [views:index] [ERROR]- [Errno 2] No such file or directory: 'sss.txt'
2018-01-07 23:55:59,313 [Thread-142:12084] [blog.views:22] [views:index] [ERROR]- [Errno 2] No such file or directory: 'sss.txt'
2018-01-08 11:06:58,105 [Thread-3:10956] [blog.views:22] [views:index] [ERROR]- [Errno 2] No such file or directory: 'sss.txt'
2018-01-08 11:11:13,772 [Thread-6:11216] [blog.views:22] [views:index] [ERROR]- [Errno 2] No such file or directory: 'sss.txt'
2018-01-08 11:11:16,352 [Thread-16:9156] [blog.views:22] [views:index] [ERROR]- [Errno 2] No such file or directory: 'sss.txt'
2018-01-08 11:11:17,740 [Thread-29:8004] [blog.views:22] [views:index] [ERROR]- [Errno 2] No such file or directory: 'sss.txt'
2018-01-08 11:16:23,299 [Thread-39:9036] [blog.views:22] [views:index] [ERROR]- [Errno 2] No such file or directory: 'sss.txt'
2018-01-08 11:16:25,604 [Thread-51:4340] [blog.views:22] [views:index] [ERROR]- [Errno 2] No such file or directory: 'sss.txt'
2018-01-08 11:16:26,983 [Thread-64:10724] [blog.views:22] [views:index] [ERROR]- [Errno 2] No such file or directory: 'sss.txt'
2018-01-08 11:20:19,582 [Thread-80:10532] [blog.views:22] [views:index] [ERROR]- [Errno 2] No such file or directory: 'sss.txt'
2018-01-08 11:20:21,548 [Thread-89:11252] [blog.views:22] [views:index] [ERROR]- [Errno 2] No such file or directory: 'sss.txt'
2018-01-08 11:20:22,832 [Thread-100:10736] [blog.views:22] [views:index] [ERROR]- [Errno 2] No such file or directory: 'sss.txt'
2018-01-08 11:20:30,015 [Thread-112:5440] [blog.views:22] [views:index] [ERROR]- [Errno 2] No such file or directory: 'sss.txt'
2018-01-08 11:20:45,395 [Thread-126:11040] [blog.views:22] [views:index] [ERROR]- [Errno 2] No such file or directory: 'sss.txt'
2018-01-08 11:20:47,167 [Thread-137:9748] [blog.views:22] [views:index] [ERROR]- [Errno 2] No such file or directory: 'sss.txt'
2018-01-08 11:24:18,493 [Thread-146:10120] [blog.views:22] [views:index] [ERROR]- [Errno 2] No such file or directory: 'sss.txt'
2018-01-08 11:27:15,043 [Thread-154:11148] [blog.views:22] [views:index] [ERROR]- [Errno 2] No such file or directory: 'sss.txt'
2018-01-08 11:28:28,470 [Thread-160:10812] [blog.views:22] [views:index] [ERROR]- [Errno 2] No such file or directory: 'sss.txt'
2018-01-08 11:28:30,756 [Thread-163:6036] [blog.views:22] [views:index] [ERROR]- [Errno 2] No such file or directory: 'sss.txt'
2018-01-08 11:28:32,043 [Thread-166:11040] [blog.views:22] [views:index] [ERROR]- [Errno 2] No such file or directory: 'sss.txt'
2018-01-08 11:28:33,211 [Thread-169:5888] [blog.views:22] [views:index] [ERROR]- [Errno 2] No such file or directory: 'sss.txt'
2018-01-08 11:28:34,194 [Thread-172:2028] [blog.views:22] [views:index] [ERROR]- [Errno 2] No such file or directory: 'sss.txt'
2018-01-08 11:29:30,290 [Thread-178:8716] [blog.views:22] [views:index] [ERROR]- [Errno 2] No such file or directory: 'sss.txt'
2018-01-08 11:29:32,286 [Thread-181:10544] [blog.views:22] [views:index] [ERROR]- [Errno 2] No such file or directory: 'sss.txt'
2018-01-08 11:29:33,890 [Thread-184:9476] [blog.views:22] [views:index] [ERROR]- [Errno 2] No such file or directory: 'sss.txt'
2018-01-08 11:29:53,013 [Thread-190:9832] [blog.views:22] [views:index] [ERROR]- [Errno 2] No such file or directory: 'sss.txt'
2018-01-08 11:29:54,526 [Thread-193:9036] [blog.views:22] [views:index] [ERROR]- [Errno 2] No such file or directory: 'sss.txt'
2018-01-08 11:32:19,769 [Thread-200:736] [blog.views:22] [views:index] [ERROR]- [Errno 2] No such file or directory: 'sss.txt'
2018-01-08 11:34:32,142 [Thread-206:11092] [blog.views:22] [views:index] [ERROR]- [Errno 2] No such file or directory: 'sss.txt'
2018-01-08 12:15:12,003 [Thread-212:9040] [blog.views:22] [views:index] [ERROR]- [Errno 2] No such file or directory: 'sss.txt'
2018-01-08 12:19:03,586 [Thread-2:10968] [blog.views:22] [views:index] [ERROR]- [Errno 2] No such file or directory: 'sss.txt'
2018-01-08 12:19:05,707 [Thread-5:9916] [blog.views:22] [views:index] [ERROR]- [Errno 2] No such file or directory: 'sss.txt'
2018-01-08 12:19:08,026 [Thread-7:4812] [blog.views:22] [views:index] [ERROR]- [Errno 2] No such file or directory: 'sss.txt'
2018-01-08 12:19:09,184 [Thread-9:7080] [blog.views:22] [views:index] [ERROR]- [Errno 2] No such file or directory: 'sss.txt'
2018-01-08 12:20:21,075 [Thread-14:9240] [blog.views:22] [views:index] [ERROR]- [Errno 2] No such file or directory: 'sss.txt'
2018-01-08 12:20:23,298 [Thread-24:10892] [blog.views:22] [views:index] [ERROR]- [Errno 2] No such file or directory: 'sss.txt'
2018-01-08 12:20:24,851 [Thread-38:9992] [blog.views:22] [views:index] [ERROR]- [Errno 2] No such file or directory: 'sss.txt'
2018-01-08 12:20:26,598 [Thread-48:9372] [blog.views:22] [views:index] [ERROR]- [Errno 2] No such file or directory: 'sss.txt'
2018-01-08 12:21:30,891 [Thread-62:6448] [blog.views:22] [views:index] [ERROR]- [Errno 2] No such file or directory: 'sss.txt'
2018-01-08 20:38:16,835 [Thread-2:9224] [blog.views:22] [views:index] [ERROR]- [Errno 2] No such file or directory: 'sss.txt'
2018-01-09 13:14:23,713 [Thread-2:6328] [blog.views:22] [views:index] [ERROR]- [Errno 2] No such file or directory: 'sss.txt'
2018-01-09 14:02:02,085 [Thread-2:9656] [blog.views:22] [views:index] [ERROR]- [Errno 2] No such file or directory: 'sss.txt'
2018-01-09 15:17:14,086 [Thread-2:9640] [blog.views:22] [views:index] [ERROR]- [Errno 2] No such file or directory: 'sss.txt'
2018-01-09 15:17:35,374 [Thread-2:10472] [blog.views:22] [views:index] [ERROR]- [Errno 2] No such file or directory: 'sss.txt'
2018-01-09 15:17:42,415 [Thread-30:2764] [blog.views:22] [views:index] [ERROR]- [Errno 2] No such file or directory: 'sss.txt'
2018-01-09 15:24:20,522 [Thread-38:8680] [blog.views:22] [views:index] [ERROR]- [Errno 2] No such file or directory: 'sss.txt'
2018-01-09 15:27:11,239 [Thread-39:10676] [blog.views:22] [views:index] [ERROR]- [Errno 2] No such file or directory: 'sss.txt'
2018-01-09 15:28:26,375 [Thread-40:6772] [blog.views:22] [views:index] [ERROR]- [Errno 2] No such file or directory: 'sss.txt'
2018-01-09 15:29:56,654 [Thread-41:4124] [blog.views:22] [views:index] [ERROR]- [Errno 2] No such file or directory: 'sss.txt'
2018-01-09 15:30:05,131 [Thread-42:9172] [blog.views:22] [views:index] [ERROR]- [Errno 2] No such file or directory: 'sss.txt'
2018-01-10 14:56:49,371 [Thread-2:9488] [blog.views:34] [views:index] [ERROR]- 'Manager' object has no attribute 'distinct_date'
2018-01-10 15:01:43,234 [Thread-2:7844] [blog.views:34] [views:index] [ERROR]- 'Manager' object has no attribute 'distinct_date'
2018-01-10 15:01:49,786 [Thread-5:2540] [blog.views:34] [views:index] [ERROR]- 'Manager' object has no attribute 'distinct_date'
2018-01-10 15:01:50,865 [Thread-7:8100] [blog.views:34] [views:index] [ERROR]- 'Manager' object has no attribute 'distinct_date'
2018-01-10 15:08:56,921 [Thread-2:11132] [blog.views:33] [views:index] [ERROR]- 'Manager' object has no attribute 'distinct_date'
2018-01-10 15:09:02,598 [Thread-4:11140] [blog.views:33] [views:index] [ERROR]- 'Manager' object has no attribute 'distinct_date'
2018-01-10 15:09:03,815 [Thread-6:11148] [blog.views:33] [views:index] [ERROR]- 'Manager' object has no attribute 'distinct_date'
2018-01-10 15:09:05,183 [Thread-8:11204] [blog.views:33] [views:index] [ERROR]- 'Manager' object has no attribute 'distinct_date'
2018-01-10 15:09:06,186 [Thread-10:11236] [blog.views:33] [views:index] [ERROR]- 'Manager' object has no attribute 'distinct_date'
2018-01-10 15:09:07,244 [Thread-12:8488] [blog.views:33] [views:index] [ERROR]- 'Manager' object has no attribute 'distinct_date'
2018-01-10 15:09:08,209 [Thread-14:10292] [blog.views:33] [views:index] [ERROR]- 'Manager' object has no attribute 'distinct_date'
2018-01-10 15:09:09,253 [Thread-16:5004] [blog.views:33] [views:index] [ERROR]- 'Manager' object has no attribute 'distinct_date'
2018-01-10 15:09:10,266 [Thread-18:10400] [blog.views:33] [views:index] [ERROR]- 'Manager' object has no attribute 'distinct_date'
2018-01-10 15:09:11,752 [Thread-20:8680] [blog.views:33] [views:index] [ERROR]- 'Manager' object has no attribute 'distinct_date'
2018-01-10 15:09:13,098 [Thread-22:6728] [blog.views:33] [views:index] [ERROR]- 'Manager' object has no attribute 'distinct_date'
2018-01-10 15:09:14,368 [Thread-24:7312] [blog.views:33] [views:index] [ERROR]- 'Manager' object has no attribute 'distinct_date'
2018-01-10 15:09:15,571 [Thread-26:9224] [blog.views:33] [views:index] [ERROR]- 'Manager' object has no attribute 'distinct_date'
2018-01-10 15:09:16,703 [Thread-28:8720] [blog.views:33] [views:index] [ERROR]- 'Manager' object has no attribute 'distinct_date'
2018-01-10 15:09:17,937 [Thread-30:6480] [blog.views:33] [views:index] [ERROR]- 'Manager' object has no attribute 'distinct_date'
2018-01-10 15:09:19,069 [Thread-32:10448] [blog.views:33] [views:index] [ERROR]- 'Manager' object has no attribute 'distinct_date'
2018-01-10 15:09:20,384 [Thread-34:10528] [blog.views:33] [views:index] [ERROR]- 'Manager' object has no attribute 'distinct_date'
2018-01-10 15:09:21,558 [Thread-36:10660] [blog.views:33] [views:index] [ERROR]- 'Manager' object has no attribute 'distinct_date'
2018-01-10 15:09:22,835 [Thread-38:10688] [blog.views:33] [views:index] [ERROR]- 'Manager' object has no attribute 'distinct_date'
2018-01-10 15:09:24,043 [Thread-40:10692] [blog.views:33] [views:index] [ERROR]- 'Manager' object has no attribute 'distinct_date'
2018-01-10 15:10:02,566 [Thread-43:10836] [blog.views:33] [views:index] [ERROR]- 'Manager' object has no attribute 'distinct_date'
2018-01-10 15:10:03,854 [Thread-45:10872] [blog.views:33] [views:index] [ERROR]- 'Manager' object has no attribute 'distinct_date'
2018-01-10 15:18:24,749 [Thread-51:10532] [blog.views:33] [views:index] [ERROR]- 'Manager' object has no attribute 'distinct_date'
2018-01-10 15:18:26,578 [Thread-53:10488] [blog.views:33] [views:index] [ERROR]- 'Manager' object has no attribute 'distinct_date'
2018-01-10 15:50:46,578 [Thread-5:10552] [blog.views:33] [views:index] [ERROR]- 'Manager' object has no attribute 'distinct_date'
2018-01-10 16:51:55,665 [Thread-2:11000] [blog.views:33] [views:index] [ERROR]- 'Manager' object has no attribute 'distinct_date'
2018-01-10 16:51:57,834 [Thread-4:10076] [blog.views:33] [views:index] [ERROR]- 'Manager' object has no attribute 'distinct_date'
2018-01-10 16:51:58,767 [Thread-6:10932] [blog.views:33] [views:index] [ERROR]- 'Manager' object has no attribute 'distinct_date'
2018-01-10 16:52:00,361 [Thread-8:10376] [blog.views:33] [views:index] [ERROR]- 'Manager' object has no attribute 'distinct_date'
2018-01-10 16:52:02,434 [Thread-10:7936] [blog.views:33] [views:index] [ERROR]- 'Manager' object has no attribute 'distinct_date'
2018-01-10 17:40:22,403 [Thread-3:7092] [blog.views:33] [views:index] [ERROR]- 'Manager' object has no attribute 'distinct_date'
2018-01-10 17:40:24,346 [Thread-5:1864] [blog.views:33] [views:index] [ERROR]- 'Manager' object has no attribute 'distinct_date'
2018-01-10 17:40:25,486 [Thread-7:7740] [blog.views:33] [views:index] [ERROR]- 'Manager' object has no attribute 'distinct_date'
2018-01-10 17:40:27,607 [Thread-9:11636] [blog.views:33] [views:index] [ERROR]- 'Manager' object has no attribute 'distinct_date'
2018-01-10 17:40:28,821 [Thread-11:10276] [blog.views:33] [views:index] [ERROR]- 'Manager' object has no attribute 'distinct_date'
2018-01-10 17:46:33,864 [Thread-2:12000] [blog.views:33] [views:index] [ERROR]- 'Manager' object has no attribute 'distinct_date'
2018-01-10 17:46:35,114 [Thread-4:8228] [blog.views:33] [views:index] [ERROR]- 'Manager' object has no attribute 'distinct_date'
2018-01-10 17:46:35,980 [Thread-6:11108] [blog.views:33] [views:index] [ERROR]- 'Manager' object has no attribute 'distinct_date'
2018-01-10 17:47:54,165 [Thread-2:11436] [blog.views:33] [views:index] [ERROR]- 'Manager' object has no attribute 'distinct_date'
2018-01-10 17:48:38,756 [Thread-4:11928] [blog.views:33] [views:index] [ERROR]- 'Manager' object has no attribute 'distinct_date'
2018-01-10 17:49:58,088 [Thread-6:10520] [blog.views:33] [views:index] [ERROR]- 'Manager' object has no attribute 'distinct_date'
2018-01-10 17:50:00,746 [Thread-8:11508] [blog.views:33] [views:index] [ERROR]- 'Manager' object has no attribute 'distinct_date'
2018-01-10 17:50:01,956 [Thread-10:3600] [blog.views:33] [views:index] [ERROR]- 'Manager' object has no attribute 'distinct_date'
2018-01-10 17:51:32,464 [Thread-12:8884] [blog.views:33] [views:index] [ERROR]- 'Manager' object has no attribute 'distinct_date'
2018-01-10 18:01:02,378 [Thread-2:11652] [blog.views:33] [views:index] [ERROR]- 'Manager' object has no attribute 'distinct_date'
2018-01-10 18:01:05,436 [Thread-4:9580] [blog.views:33] [views:index] [ERROR]- 'Manager' object has no attribute 'distinct_date'
2018-01-10 18:01:06,434 [Thread-6:11936] [blog.views:33] [views:index] [ERROR]- 'Manager' object has no attribute 'distinct_date'
2018-01-10 18:02:24,586 [Thread-2:11380] [blog.views:33] [views:index] [ERROR]- 'Manager' object has no attribute 'distinct_date'
2018-01-10 21:00:45,845 [Thread-6:12296] [blog.views:33] [views:index] [ERROR]- 'Manager' object has no attribute 'distinct_date'
2018-01-10 21:01:33,825 [Thread-2:12416] [blog.views:34] [views:index] [ERROR]- 'Manager' object has no attribute 'distinct_date'
2018-01-10 21:03:37,153 [Thread-17:13628] [blog.views:34] [views:index] [ERROR]- 'Manager' object has no attribute 'distinct_date'
2018-01-10 21:03:38,263 [Thread-19:13424] [blog.views:34] [views:index] [ERROR]- 'Manager' object has no attribute 'distinct_date'
2018-01-10 21:03:56,017 [Thread-23:10956] [blog.views:34] [views:index] [ERROR]- 'Manager' object has no attribute 'distinct_date'
2018-01-10 21:16:14,802 [Thread-2:11624] [blog.views:34] [views:index] [ERROR]- 'Manager' object has no attribute 'distinct_date'
2018-01-10 21:16:17,293 [Thread-4:14304] [blog.views:34] [views:index] [ERROR]- 'Manager' object has no attribute 'distinct_date'
2018-01-10 21:16:20,467 [Thread-6:13152] [blog.views:34] [views:index] [ERROR]- 'Manager' object has no attribute 'distinct_date'
2018-01-10 21:16:21,400 [Thread-8:13816] [blog.views:34] [views:index] [ERROR]- 'Manager' object has no attribute 'distinct_date'
2018-01-10 21:16:22,260 [Thread-10:7452] [blog.views:34] [views:index] [ERROR]- 'Manager' object has no attribute 'distinct_date'
2018-01-11 10:22:27,130 [Thread-2:7280] [blog.views:45] [views:index] [ERROR]- global name 'getPage' is not defined
2018-01-11 10:22:30,766 [Thread-3:3064] [blog.views:45] [views:index] [ERROR]- global name 'getPage' is not defined
2018-01-11 11:10:42,118 [Thread-2:2200] [blog.views:41] [views:index] [ERROR]- getPage() takes exactly 2 arguments (1 given)
2018-01-11 11:10:44,107 [Thread-4:8120] [blog.views:41] [views:index] [ERROR]- getPage() takes exactly 2 arguments (1 given)
2018-01-11 11:11:06,269 [Thread-6:8708] [blog.views:41] [views:index] [ERROR]- getPage() takes exactly 2 arguments (1 given)
2018-01-11 11:11:45,999 [Thread-2:8792] [blog.views:41] [views:index] [ERROR]- getPage() takes exactly 2 arguments (1 given)
2018-01-11 11:11:47,296 [Thread-4:9004] [blog.views:41] [views:index] [ERROR]- getPage() takes exactly 2 arguments (1 given)
2018-01-11 11:11:48,391 [Thread-6:1984] [blog.views:41] [views:index] [ERROR]- getPage() takes exactly 2 arguments (1 given)
2018-01-11 11:11:49,375 [Thread-8:8964] [blog.views:41] [views:index] [ERROR]- getPage() takes exactly 2 arguments (1 given)
2018-01-11 11:12:09,951 [Thread-10:7592] [blog.views:41] [views:index] [ERROR]- getPage() takes exactly 2 arguments (1 given)
2018-01-11 13:01:19,898 [Thread-12:8376] [blog.views:41] [views:index] [ERROR]- getPage() takes exactly 2 arguments (1 given)
2018-01-11 13:09:17,394 [Thread-14:4744] [blog.views:41] [views:index] [ERROR]- getPage() takes exactly 2 arguments (1 given)
2018-01-11 13:12:18,871 [Thread-16:9896] [blog.views:41] [views:index] [ERROR]- getPage() takes exactly 2 arguments (1 given)
2018-01-11 13:12:24,203 [Thread-18:9784] [blog.views:41] [views:index] [ERROR]- getPage() takes exactly 2 arguments (1 given)
2018-01-11 13:23:59,276 [Thread-20:9640] [blog.views:41] [views:index] [ERROR]- getPage() takes exactly 2 arguments (1 given)
2018-01-11 13:24:07,141 [Thread-23:8420] [blog.views:41] [views:index] [ERROR]- getPage() takes exactly 2 arguments (1 given)
2018-01-11 13:24:10,664 [Thread-25:6772] [blog.views:41] [views:index] [ERROR]- getPage() takes exactly 2 arguments (1 given)
2018-01-11 13:24:15,157 [Thread-27:4632] [blog.views:41] [views:index] [ERROR]- getPage() takes exactly 2 arguments (1 given)
2018-01-11 13:24:16,214 [Thread-29:5624] [blog.views:41] [views:index] [ERROR]- getPage() takes exactly 2 arguments (1 given)
2018-01-11 13:25:06,903 [Thread-35:6540] [blog.views:41] [views:index] [ERROR]- getPage() takes exactly 2 arguments (1 given)
2018-01-11 13:25:17,854 [Thread-40:4572] [blog.views:41] [views:index] [ERROR]- getPage() takes exactly 2 arguments (1 given)
2018-01-11 13:25:20,486 [Thread-42:6484] [blog.views:41] [views:index] [ERROR]- getPage() takes exactly 2 arguments (1 given)
2018-01-11 13:25:22,151 [Thread-44:10224] [blog.views:41] [views:index] [ERROR]- getPage() takes exactly 2 arguments (1 given)
2018-01-11 13:26:14,082 [Thread-46:5596] [blog.views:41] [views:index] [ERROR]- getPage() takes exactly 2 arguments (1 given)
2018-01-11 13:33:32,566 [Thread-50:5796] [blog.views:41] [views:index] [ERROR]- getPage() takes exactly 2 arguments (1 given)
2018-01-11 13:33:34,039 [Thread-52:6364] [blog.views:41] [views:index] [ERROR]- getPage() takes exactly 2 arguments (1 given)
2018-01-11 13:33:36,124 [Thread-54:9448] [blog.views:41] [views:index] [ERROR]- getPage() takes exactly 2 arguments (1 given)
2018-01-11 13:33:40,167 [Thread-57:7324] [blog.views:41] [views:index] [ERROR]- getPage() takes exactly 2 arguments (1 given)
2018-01-11 13:33:41,142 [Thread-59:8056] [blog.views:41] [views:index] [ERROR]- getPage() takes exactly 2 arguments (1 given)
2018-01-11 13:33:42,920 [Thread-61:9976] [blog.views:41] [views:index] [ERROR]- getPage() takes exactly 2 arguments (1 given)
2018-01-11 13:48:05,839 [Thread-63:5580] [blog.views:41] [views:index] [ERROR]- getPage() takes exactly 2 arguments (1 given)
2018-01-11 13:48:06,788 [Thread-65:9416] [blog.views:41] [views:index] [ERROR]- getPage() takes exactly 2 arguments (1 given)
2018-01-11 13:50:15,752 [Thread-67:9760] [blog.views:41] [views:index] [ERROR]- getPage() takes exactly 2 arguments (1 given)
2018-01-11 13:50:26,717 [Thread-69:3648] [blog.views:41] [views:index] [ERROR]- getPage() takes exactly 2 arguments (1 given)
2018-01-11 13:51:19,611 [Thread-71:10008] [blog.views:41] [views:index] [ERROR]- getPage() takes exactly 2 arguments (1 given)
2018-01-11 13:53:41,250 [Thread-2:9240] [blog.views:41] [views:index] [ERROR]- getPage() takes exactly 2 arguments (1 given)
2018-01-11 13:53:43,624 [Thread-4:10160] [blog.views:52] [views:archive] [ERROR]- 'ArticleManager' object has no attribute 'objects'
2018-01-11 13:53:47,265 [Thread-6:8144] [blog.views:52] [views:archive] [ERROR]- 'ArticleManager' object has no attribute 'objects'
2018-01-11 13:53:56,076 [Thread-9:9804] [blog.views:41] [views:index] [ERROR]- getPage() takes exactly 2 arguments (1 given)
2018-01-11 13:53:56,921 [Thread-11:9756] [blog.views:41] [views:index] [ERROR]- getPage() takes exactly 2 arguments (1 given)
2018-01-11 13:53:59,118 [Thread-13:3648] [blog.views:52] [views:archive] [ERROR]- 'ArticleManager' object has no attribute 'objects'
2018-01-11 13:54:00,918 [Thread-15:6884] [blog.views:52] [views:archive] [ERROR]- 'ArticleManager' object has no attribute 'objects'
2018-01-11 13:58:39,279 [Thread-2:6516] [blog.views:52] [views:archive] [ERROR]- 'ArticleManager' object has no attribute 'objects'
2018-01-11 13:58:41,006 [Thread-4:9256] [blog.views:52] [views:archive] [ERROR]- 'ArticleManager' object has no attribute 'objects'
2018-01-11 13:58:46,188 [Thread-10:8572] [blog.views:52] [views:archive] [ERROR]- 'ArticleManager' object has no attribute 'objects'
2018-01-11 13:59:16,388 [Thread-12:4684] [blog.views:52] [views:archive] [ERROR]- 'ArticleManager' object has no attribute 'objects'
2018-01-11 13:59:22,933 [Thread-14:8168] [blog.views:52] [views:archive] [ERROR]- 'ArticleManager' object has no attribute 'objects'
2018-01-11 13:59:24,686 [Thread-16:9768] [blog.views:52] [views:archive] [ERROR]- 'ArticleManager' object has no attribute 'objects'
2018-01-11 13:59:27,118 [Thread-18:8444] [blog.views:52] [views:archive] [ERROR]- 'ArticleManager' object has no attribute 'objects'
2018-01-11 14:30:12,163 [Thread-33:2128] [blog.views:52] [views:archive] [ERROR]- 'ArticleManager' object has no attribute 'objects'
2018-01-11 14:30:37,667 [Thread-38:6532] [blog.views:52] [views:archive] [ERROR]- 'ArticleManager' object has no attribute 'objects'
2018-01-11 14:30:41,006 [Thread-40:8680] [blog.views:52] [views:archive] [ERROR]- 'ArticleManager' object has no attribute 'objects'
2018-01-11 14:32:50,559 [Thread-2:8720] [blog.views:52] [views:archive] [ERROR]- 'ArticleManager' object has no attribute 'objects'
2018-01-11 14:32:54,476 [Thread-4:8792] [blog.views:52] [views:archive] [ERROR]- 'ArticleManager' object has no attribute 'objects'
2018-01-11 14:32:56,289 [Thread-6:5616] [blog.views:52] [views:archive] [ERROR]- 'ArticleManager' object has no attribute 'objects'
2018-01-11 14:33:24,763 [Thread-25:7004] [blog.views:52] [views:archive] [ERROR]- 'ArticleManager' object has no attribute 'objects'
2018-01-11 14:33:43,407 [Thread-27:9384] [blog.views:52] [views:archive] [ERROR]- 'ArticleManager' object has no attribute 'objects'
2018-01-11 14:33:47,934 [Thread-29:5248] [blog.views:52] [views:archive] [ERROR]- 'ArticleManager' object has no attribute 'objects'
2018-01-11 14:35:42,243 [Thread-2:8696] [blog.views:52] [views:archive] [ERROR]- 'ArticleManager' object has no attribute 'objects'
2018-01-11 14:35:42,740 [Thread-3:9840] [blog.views:52] [views:archive] [ERROR]- 'ArticleManager' object has no attribute 'objects'
2018-01-11 14:35:54,401 [Thread-10:7320] [blog.views:52] [views:archive] [ERROR]- 'ArticleManager' object has no attribute 'objects'
2018-01-11 14:35:56,927 [Thread-12:9408] [blog.views:52] [views:archive] [ERROR]- 'ArticleManager' object has no attribute 'objects'
2018-01-11 14:36:48,062 [Thread-6:9576] [blog.views:53] [views:archive] [ERROR]- 'ArticleManager' object has no attribute 'objects'
2018-01-11 14:36:51,282 [Thread-8:7140] [blog.views:53] [views:archive] [ERROR]- 'ArticleManager' object has no attribute 'objects'
2018-01-11 14:39:43,332 [Thread-2:8112] [blog.views:52] [views:archive] [ERROR]- 'ArticleManager' object has no attribute 'objects'
2018-01-11 14:39:44,561 [Thread-4:9956] [blog.views:52] [views:archive] [ERROR]- 'ArticleManager' object has no attribute 'objects'
2018-01-11 14:39:49,612 [Thread-11:9712] [blog.views:52] [views:archive] [ERROR]- 'ArticleManager' object has no attribute 'objects'
2018-01-11 14:39:52,421 [Thread-13:3924] [blog.views:52] [views:archive] [ERROR]- 'ArticleManager' object has no attribute 'objects'
2018-01-11 14:39:54,335 [Thread-15:3812] [blog.views:52] [views:archive] [ERROR]- 'ArticleManager' object has no attribute 'objects'
2018-01-11 14:40:36,405 [Thread-14:8180] [blog.views:52] [views:archive] [ERROR]- 'ArticleManager' object has no attribute 'objects'
2018-01-11 14:41:59,471 [Thread-16:4916] [blog.views:52] [views:archive] [ERROR]- 'ArticleManager' object has no attribute 'objects'
2018-01-11 14:42:05,165 [Thread-22:888] [blog.views:52] [views:archive] [ERROR]- 'ArticleManager' object has no attribute 'objects'
2018-01-11 14:42:07,078 [Thread-24:5268] [blog.views:52] [views:archive] [ERROR]- 'ArticleManager' object has no attribute 'objects'
2018-01-11 14:47:05,868 [Thread-26:6952] [blog.views:52] [views:archive] [ERROR]- 'ArticleManager' object has no attribute 'objects'
2018-01-11 14:47:06,875 [Thread-28:8920] [blog.views:52] [views:archive] [ERROR]- 'ArticleManager' object has no attribute 'objects'
2018-01-11 14:47:11,207 [Thread-34:7156] [blog.views:52] [views:archive] [ERROR]- 'ArticleManager' object has no attribute 'objects'
2018-01-11 14:50:31,790 [Thread-111:8180] [blog.views:52] [views:archive] [ERROR]- 'ArticleManager' object has no attribute 'objects'
2018-01-11 14:50:33,957 [Thread-113:5616] [blog.views:52] [views:archive] [ERROR]- 'ArticleManager' object has no attribute 'objects'
2018-01-11 14:50:45,144 [Thread-115:4444] [blog.views:52] [views:archive] [ERROR]- 'ArticleManager' object has no attribute 'objects'
2018-01-11 14:50:48,694 [Thread-117:9864] [blog.views:52] [views:archive] [ERROR]- 'ArticleManager' object has no attribute 'objects'
2018-01-11 14:50:51,678 [Thread-119:4192] [blog.views:52] [views:archive] [ERROR]- 'ArticleManager' object has no attribute 'objects'
2018-01-11 14:54:10,845 [Thread-142:9820] [blog.views:52] [views:archive] [ERROR]- 'ArticleManager' object has no attribute 'objects'
2018-01-11 14:54:13,477 [Thread-144:9952] [blog.views:52] [views:archive] [ERROR]- 'ArticleManager' object has no attribute 'objects'
2018-01-11 14:54:45,519 [Thread-146:6392] [blog.views:52] [views:archive] [ERROR]- 'ArticleManager' object has no attribute 'objects'
2018-01-11 14:54:55,385 [Thread-150:6568] [blog.views:52] [views:archive] [ERROR]- 'ArticleManager' object has no attribute 'objects'
2018-01-11 14:55:31,484 [Thread-158:7528] [blog.views:52] [views:archive] [ERROR]- 'ArticleManager' object has no attribute 'objects'
2018-01-11 14:57:02,352 [Thread-171:2480] [blog.views:52] [views:archive] [ERROR]- 'ArticleManager' object has no attribute 'objects'
2018-01-11 14:57:29,413 [Thread-175:6792] [blog.views:52] [views:archive] [ERROR]- 'ArticleManager' object has no attribute 'objects'
2018-01-11 14:57:30,467 [Thread-177:9692] [blog.views:52] [views:archive] [ERROR]- 'ArticleManager' object has no attribute 'objects'
2018-01-11 14:57:38,789 [Thread-183:9504] [blog.views:52] [views:archive] [ERROR]- 'ArticleManager' object has no attribute 'objects'
2018-01-11 14:57:41,365 [Thread-185:1632] [blog.views:52] [views:archive] [ERROR]- 'ArticleManager' object has no attribute 'objects'
2018-01-11 14:58:15,463 [Thread-192:6288] [blog.views:52] [views:archive] [ERROR]- 'ArticleManager' object has no attribute 'objects'
2018-01-11 14:58:44,779 [Thread-197:9852] [blog.views:52] [views:archive] [ERROR]- 'ArticleManager' object has no attribute 'objects'
2018-01-11 14:59:25,046 [Thread-200:9308] [blog.views:52] [views:archive] [ERROR]- 'ArticleManager' object has no attribute 'objects'
2018-01-11 14:59:44,911 [Thread-202:3896] [blog.views:52] [views:archive] [ERROR]- 'ArticleManager' object has no attribute 'objects'
2018-01-11 15:01:29,026 [Thread-2:8640] [blog.views:53] [views:archive] [ERROR]- 'ArticleManager' object has no attribute 'objects'
2018-01-11 15:01:41,002 [Thread-10:7136] [blog.views:53] [views:archive] [ERROR]- 'ArticleManager' object has no attribute 'objects'
2018-01-11 15:01:42,967 [Thread-12:9932] [blog.views:53] [views:archive] [ERROR]- 'ArticleManager' object has no attribute 'objects'
2018-01-11 15:02:36,805 [Thread-19:3656] [blog.views:53] [views:archive] [ERROR]- 'ArticleManager' object has no attribute 'objects'
2018-01-11 15:02:55,388 [Thread-24:7944] [blog.views:53] [views:archive] [ERROR]- 'ArticleManager' object has no attribute 'objects'
2018-01-11 15:03:26,446 [Thread-30:6908] [blog.views:53] [views:archive] [ERROR]- 'ArticleManager' object has no attribute 'objects'
2018-01-11 15:03:27,282 [Thread-50:4452] [blog.views:53] [views:archive] [ERROR]- 'ArticleManager' object has no attribute 'objects'
2018-01-11 15:03:37,279 [Thread-141:7120] [blog.views:53] [views:archive] [ERROR]- 'ArticleManager' object has no attribute 'objects'
2018-01-11 15:03:52,821 [Thread-147:6896] [blog.views:53] [views:archive] [ERROR]- 'ArticleManager' object has no attribute 'objects'
2018-01-11 15:03:53,602 [Thread-167:5556] [blog.views:53] [views:archive] [ERROR]- 'ArticleManager' object has no attribute 'objects'
2018-01-11 15:03:59,224 [Thread-233:4952] [blog.views:53] [views:archive] [ERROR]- 'ArticleManager' object has no attribute 'objects'
2018-01-11 15:04:19,865 [Thread-239:8580] [blog.views:53] [views:archive] [ERROR]- 'ArticleManager' object has no attribute 'objects'
2018-01-11 15:04:31,365 [Thread-310:6284] [blog.views:53] [views:archive] [ERROR]- 'ArticleManager' object has no attribute 'objects'
2018-01-11 15:08:26,391 [Thread-372:5668] [blog.views:53] [views:archive] [ERROR]- 'ArticleManager' object has no attribute 'objects'
2018-01-11 15:09:10,634 [Thread-387:8732] [blog.views:53] [views:archive] [ERROR]- 'ArticleManager' object has no attribute 'objects'
2018-01-11 15:10:03,010 [Thread-394:7828] [blog.views:53] [views:archive] [ERROR]- 'ArticleManager' object has no attribute 'objects'
2018-01-11 15:10:15,075 [Thread-402:9848] [blog.views:53] [views:archive] [ERROR]- 'ArticleManager' object has no attribute 'objects'
2018-01-11 15:12:02,950 [Thread-410:9296] [blog.views:53] [views:archive] [ERROR]- 'ArticleManager' object has no attribute 'objects'
2018-01-11 15:12:30,448 [Thread-411:4600] [blog.views:53] [views:archive] [ERROR]- 'ArticleManager' object has no attribute 'objects'
2018-01-11 15:12:32,694 [Thread-431:7020] [blog.views:53] [views:archive] [ERROR]- 'ArticleManager' object has no attribute 'objects'
2018-01-11 15:12:32,872 [Thread-450:8892] [blog.views:53] [views:archive] [ERROR]- 'ArticleManager' object has no attribute 'objects'
2018-01-11 15:12:33,026 [Thread-469:6532] [blog.views:53] [views:archive] [ERROR]- 'ArticleManager' object has no attribute 'objects'
2018-01-11 15:12:33,177 [Thread-488:9024] [blog.views:53] [views:archive] [ERROR]- 'ArticleManager' object has no attribute 'objects'
2018-01-11 15:12:33,351 [Thread-508:4440] [blog.views:53] [views:archive] [ERROR]- 'ArticleManager' object has no attribute 'objects'
2018-01-11 15:12:33,434 [Thread-514:9776] [blog.views:53] [views:archive] [ERROR]- 'ArticleManager' object has no attribute 'objects'
2018-01-11 15:12:33,586 [Thread-533:8448] [blog.views:53] [views:archive] [ERROR]- 'ArticleManager' object has no attribute 'objects'
2018-01-11 15:12:33,743 [Thread-553:9840] [blog.views:53] [views:archive] [ERROR]- 'ArticleManager' object has no attribute 'objects'
2018-01-11 15:12:34,030 [Thread-573:3348] [blog.views:53] [views:archive] [ERROR]- 'ArticleManager' object has no attribute 'objects'
2018-01-11 15:12:49,338 [Thread-605:6804] [blog.views:53] [views:archive] [ERROR]- 'ArticleManager' object has no attribute 'objects'
2018-01-11 15:14:25,213 [Thread-610:7692] [blog.views:53] [views:archive] [ERROR]- 'ArticleManager' object has no attribute 'objects'
2018-01-11 15:14:39,497 [Thread-629:7324] [blog.views:53] [views:archive] [ERROR]- 'ArticleManager' object has no attribute 'objects'
2018-01-11 15:16:47,826 [Thread-633:7036] [blog.views:53] [views:archive] [ERROR]- 'ArticleManager' object has no attribute 'objects'
2018-01-11 15:16:58,051 [Thread-641:9204] [blog.views:53] [views:archive] [ERROR]- 'ArticleManager' object has no attribute 'objects'
2018-01-11 15:18:36,256 [Thread-644:8540] [blog.views:53] [views:archive] [ERROR]- 'ArticleManager' object has no attribute 'objects'
2018-01-11 15:18:48,911 [Thread-664:3112] [blog.views:53] [views:archive] [ERROR]- 'ArticleManager' object has no attribute 'objects'
2018-01-11 15:18:49,763 [Thread-683:9484] [blog.views:53] [views:archive] [ERROR]- 'ArticleManager' object has no attribute 'objects'
2018-01-11 15:18:50,003 [Thread-702:6824] [blog.views:53] [views:archive] [ERROR]- 'ArticleManager' object has no attribute 'objects'
2018-01-11 15:18:50,177 [Thread-722:10136] [blog.views:53] [views:archive] [ERROR]- 'ArticleManager' object has no attribute 'objects'
2018-01-11 15:18:50,867 [Thread-741:9644] [blog.views:53] [views:archive] [ERROR]- 'ArticleManager' object has no attribute 'objects'
2018-01-11 15:18:51,144 [Thread-761:9488] [blog.views:53] [views:archive] [ERROR]- 'ArticleManager' object has no attribute 'objects'
2018-01-11 15:18:54,926 [Thread-781:6156] [blog.views:53] [views:archive] [ERROR]- 'ArticleManager' object has no attribute 'objects'
2018-01-11 15:18:56,871 [Thread-784:6320] [blog.views:53] [views:archive] [ERROR]- 'ArticleManager' object has no attribute 'objects'
2018-01-11 15:18:58,003 [Thread-787:10036] [blog.views:53] [views:archive] [ERROR]- 'ArticleManager' object has no attribute 'objects'
2018-01-11 15:19:06,924 [Thread-796:7484] [blog.views:53] [views:archive] [ERROR]- 'ArticleManager' object has no attribute 'objects'
2018-01-11 15:19:56,348 [Thread-801:5280] [blog.views:53] [views:archive] [ERROR]- 'ArticleManager' object has no attribute 'objects'
2018-01-11 15:19:57,029 [Thread-821:10024] [blog.views:53] [views:archive] [ERROR]- 'ArticleManager' object has no attribute 'objects'
2018-01-11 15:19:57,223 [Thread-841:9768] [blog.views:53] [views:archive] [ERROR]- 'ArticleManager' object has no attribute 'objects'
2018-01-11 15:19:57,382 [Thread-860:2128] [blog.views:53] [views:archive] [ERROR]- 'ArticleManager' object has no attribute 'objects'
2018-01-11 15:19:57,556 [Thread-880:7700] [blog.views:53] [views:archive] [ERROR]- 'ArticleManager' object has no attribute 'objects'
2018-01-11 15:19:57,726 [Thread-900:6072] [blog.views:53] [views:archive] [ERROR]- 'ArticleManager' object has no attribute 'objects'
2018-01-11 15:19:57,890 [Thread-920:8620] [blog.views:53] [views:archive] [ERROR]- 'ArticleManager' object has no attribute 'objects'
2018-01-11 15:19:58,049 [Thread-939:9880] [blog.views:53] [views:archive] [ERROR]- 'ArticleManager' object has no attribute 'objects'
2018-01-11 15:19:58,207 [Thread-959:3648] [blog.views:53] [views:archive] [ERROR]- 'ArticleManager' object has no attribute 'objects'
2018-01-11 15:19:58,368 [Thread-979:8928] [blog.views:53] [views:archive] [ERROR]- 'ArticleManager' object has no attribute 'objects'
2018-01-11 15:19:58,516 [Thread-998:6292] [blog.views:53] [views:archive] [ERROR]- 'ArticleManager' object has no attribute 'objects'
2018-01-11 15:19:58,694 [Thread-1017:5616] [blog.views:53] [views:archive] [ERROR]- 'ArticleManager' object has no attribute 'objects'
2018-01-11 15:19:59,013 [Thread-1037:8112] [blog.views:53] [views:archive] [ERROR]- 'ArticleManager' object has no attribute 'objects'
2018-01-11 15:19:59,181 [Thread-1056:8892] [blog.views:53] [views:archive] [ERROR]- 'ArticleManager' object has no attribute 'objects'
2018-01-11 15:19:59,348 [Thread-1075:8720] [blog.views:53] [views:archive] [ERROR]- 'ArticleManager' object has no attribute 'objects'
2018-01-11 15:20:00,417 [Thread-1095:7980] [blog.views:53] [views:archive] [ERROR]- 'ArticleManager' object has no attribute 'objects'
2018-01-11 15:20:00,578 [Thread-1114:9536] [blog.views:53] [views:archive] [ERROR]- 'ArticleManager' object has no attribute 'objects'
2018-01-11 15:20:00,742 [Thread-1134:8676] [blog.views:53] [views:archive] [ERROR]- 'ArticleManager' object has no attribute 'objects'
2018-01-11 15:20:47,555 [Thread-1153:6452] [blog.views:53] [views:archive] [ERROR]- 'ArticleManager' object has no attribute 'objects'
2018-01-11 15:20:49,329 [Thread-1173:9800] [blog.views:53] [views:archive] [ERROR]- 'ArticleManager' object has no attribute 'objects'
2018-01-11 15:20:56,611 [Thread-1335:10024] [blog.views:53] [views:archive] [ERROR]- 'ArticleManager' object has no attribute 'objects'
2018-01-11 15:30:13,346 [Thread-56:10184] [blog.views:115] [views:archive] [ERROR]- unsupported operand type(s) for +: 'NoneType' and 'str'
2018-01-11 15:48:21,842 [Thread-817:9984] [blog.views:115] [views:archive] [ERROR]- unsupported operand type(s) for +: 'NoneType' and 'str'
2018-01-11 15:48:23,565 [Thread-819:4884] [blog.views:115] [views:archive] [ERROR]- unsupported operand type(s) for +: 'NoneType' and 'str'
2018-01-11 15:54:13,655 [Thread-8:7176] [blog.views:53] [views:archive] [ERROR]- 'ArticleManager' object has no attribute 'objects'
2018-01-11 15:57:33,931 [Thread-11:9768] [blog.views:74] [views:archive] [ERROR]- 'ArticleManager' object has no attribute 'objects'
2018-01-11 15:58:34,703 [Thread-5:9456] [blog.views:69] [views:archive] [ERROR]- 'ArticleManager' object has no attribute 'objects'
2018-01-11 16:00:33,621 [Thread-8:8732] [blog.views:94] [views:archive] [ERROR]- 'ArticleManager' object has no attribute 'objects'
2018-01-11 23:42:10,486 [Thread-25:13056] [blog.views:107] [views:article] [ERROR]- global name 'CommentForm' is not defined
2018-01-11 23:43:12,273 [Thread-29:4108] [blog.views:107] [views:article] [ERROR]- global name 'CommentForm' is not defined
2018-01-11 23:44:03,230 [Thread-35:10688] [blog.views:107] [views:article] [ERROR]- global name 'CommentForm' is not defined
2018-01-11 23:46:50,026 [Thread-52:10996] [blog.views:107] [views:article] [ERROR]- global name 'CommentForm' is not defined
2018-01-11 23:46:51,188 [Thread-59:6944] [blog.views:107] [views:article] [ERROR]- global name 'CommentForm' is not defined
2018-01-11 23:50:55,046 [Thread-64:11868] [blog.views:107] [views:article] [ERROR]- global name 'CommentForm' is not defined
2018-01-11 23:50:56,266 [Thread-67:13076] [blog.views:107] [views:article] [ERROR]- global name 'CommentForm' is not defined
2018-01-11 23:52:20,904 [Thread-70:10588] [blog.views:107] [views:article] [ERROR]- global name 'CommentForm' is not defined
2018-01-11 23:52:29,257 [Thread-73:12464] [blog.views:107] [views:article] [ERROR]- global name 'CommentForm' is not defined
2018-01-11 23:53:19,539 [Thread-76:6248] [blog.views:107] [views:article] [ERROR]- global name 'CommentForm' is not defined
2018-01-11 23:53:21,434 [Thread-78:11872] [blog.views:107] [views:article] [ERROR]- global name 'CommentForm' is not defined
2018-01-11 23:53:23,783 [Thread-80:12848] [blog.views:107] [views:article] [ERROR]- global name 'CommentForm' is not defined
2018-01-11 23:57:23,924 [Thread-82:5616] [blog.views:107] [views:article] [ERROR]- global name 'CommentForm' is not defined
2018-01-11 23:58:48,424 [Thread-87:11756] [blog.views:107] [views:article] [ERROR]- global name 'CommentForm' is not defined
2018-01-11 23:58:52,252 [Thread-92:12560] [blog.views:107] [views:article] [ERROR]- global name 'CommentForm' is not defined
2018-01-11 23:58:53,453 [Thread-97:10732] [blog.views:107] [views:article] [ERROR]- global name 'CommentForm' is not defined
2018-01-11 23:59:27,142 [Thread-102:12596] [blog.views:107] [views:article] [ERROR]- global name 'CommentForm' is not defined
2018-01-12 00:00:35,611 [Thread-107:12808] [blog.views:107] [views:article] [ERROR]- global name 'CommentForm' is not defined
2018-01-12 00:01:29,342 [Thread-110:13476] [blog.views:107] [views:article] [ERROR]- global name 'CommentForm' is not defined
2018-01-12 00:02:37,305 [Thread-113:13872] [blog.views:107] [views:article] [ERROR]- global name 'CommentForm' is not defined
2018-01-12 00:04:17,357 [Thread-116:14316] [blog.views:107] [views:article] [ERROR]- global name 'CommentForm' is not defined
2018-01-12 00:10:43,878 [Thread-131:12316] [blog.views:107] [views:article] [ERROR]- global name 'CommentForm' is not defined
2018-01-12 00:11:17,730 [Thread-134:14036] [blog.views:107] [views:article] [ERROR]- global name 'CommentForm' is not defined
2018-01-12 00:12:20,914 [Thread-147:13140] [blog.views:107] [views:article] [ERROR]- global name 'CommentForm' is not defined
2018-01-12 00:16:40,108 [Thread-150:13240] [blog.views:107] [views:article] [ERROR]- global name 'CommentForm' is not defined
2018-01-12 00:17:01,492 [Thread-151:14016] [blog.views:107] [views:article] [ERROR]- global name 'CommentForm' is not defined
2018-01-12 00:17:02,926 [Thread-152:5696] [blog.views:107] [views:article] [ERROR]- global name 'CommentForm' is not defined
2018-01-12 00:17:04,517 [Thread-153:8168] [blog.views:107] [views:article] [ERROR]- global name 'CommentForm' is not defined
2018-01-12 00:17:05,375 [Thread-154:14192] [blog.views:107] [views:article] [ERROR]- global name 'CommentForm' is not defined
2018-01-12 00:17:14,776 [Thread-155:11816] [blog.views:107] [views:article] [ERROR]- global name 'CommentForm' is not defined
2018-01-12 00:17:15,591 [Thread-156:14296] [blog.views:107] [views:article] [ERROR]- global name 'CommentForm' is not defined
2018-01-12 00:17:24,825 [Thread-160:13508] [blog.views:107] [views:article] [ERROR]- global name 'CommentForm' is not defined
2018-01-12 00:41:48,454 [Thread-2:12940] [blog.views:107] [views:article] [ERROR]- global name 'CommentForm' is not defined
2018-01-12 00:41:50,236 [Thread-3:12472] [blog.views:107] [views:article] [ERROR]- global name 'CommentForm' is not defined
2018-01-12 00:43:00,355 [Thread-9:12940] [blog.views:107] [views:article] [ERROR]- global name 'CommentForm' is not defined
2018-01-12 00:43:02,269 [Thread-10:13592] [blog.views:107] [views:article] [ERROR]- global name 'CommentForm' is not defined
2018-01-12 00:43:20,739 [Thread-21:14024] [blog.views:107] [views:article] [ERROR]- global name 'CommentForm' is not defined
2018-01-12 00:43:24,637 [Thread-22:10556] [blog.views:107] [views:article] [ERROR]- global name 'CommentForm' is not defined
2018-01-12 00:48:13,335 [Thread-31:1304] [blog.views:107] [views:article] [ERROR]- global name 'CommentForm' is not defined
2018-01-12 00:49:00,000 [Thread-32:14188] [blog.views:107] [views:article] [ERROR]- global name 'CommentForm' is not defined
2018-01-12 00:49:02,062 [Thread-33:13472] [blog.views:107] [views:article] [ERROR]- global name 'CommentForm' is not defined
2018-01-12 00:49:13,832 [Thread-37:10556] [blog.views:107] [views:article] [ERROR]- global name 'CommentForm' is not defined
