2018-01-07 21:34:50,098 [Thread-3:9268] [django.request:170] [base:get_response] [WARNING]- Not Found: /css/base.css
2018-01-07 21:34:50,101 [Thread-4:7684] [django.request:170] [base:get_response] [WARNING]- Not Found: /css/index.css
2018-01-07 21:34:50,101 [Thread-5:4288] [django.request:170] [base:get_response] [WARNING]- Not Found: /js/jquery.min.js
2018-01-07 21:34:50,101 [Thread-6:1436] [django.request:170] [base:get_response] [WARNING]- Not Found: /js/sliders.js
2018-01-07 21:34:50,101 [Thread-7:10784] [django.request:170] [base:get_response] [WARNING]- Not Found: /js/nav.js
2018-01-07 21:34:50,448 [Thread-8:10988] [django.request:170] [base:get_response] [WARNING]- Not Found: /images/a1.jpg
2018-01-07 21:34:50,451 [Thread-10:5840] [django.request:170] [base:get_response] [WARNING]- Not Found: /images/a3.jpg
2018-01-07 21:34:50,456 [Thread-11:10856] [django.request:170] [base:get_response] [WARNING]- Not Found: /images/a4.jpg
2018-01-07 21:34:54,934 [Thread-13:13068] [django.request:170] [base:get_response] [WARNING]- Not Found: /css/base.css
2018-01-07 21:34:54,937 [Thread-14:6716] [django.request:170] [base:get_response] [WARNING]- Not Found: /css/index.css
2018-01-07 21:34:54,937 [Thread-15:11580] [django.request:170] [base:get_response] [WARNING]- Not Found: /js/jquery.min.js
2018-01-07 21:34:54,937 [Thread-16:3584] [django.request:170] [base:get_response] [WARNING]- Not Found: /js/sliders.js
2018-01-07 21:34:54,940 [Thread-17:12312] [django.request:170] [base:get_response] [WARNING]- Not Found: /js/nav.js
2018-01-07 21:34:55,329 [Thread-18:2800] [django.request:170] [base:get_response] [WARNING]- Not Found: /images/a1.jpg
2018-01-07 21:34:55,331 [Thread-20:8364] [django.request:170] [base:get_response] [WARNING]- Not Found: /images/a3.jpg
2018-01-07 21:34:55,332 [Thread-21:7116] [django.request:170] [base:get_response] [WARNING]- Not Found: /images/a4.jpg
2018-01-07 21:37:49,915 [Thread-24:9888] [django.request:170] [base:get_response] [WARNING]- Not Found: /css/base.css
2018-01-07 21:37:49,934 [Thread-25:13096] [django.request:170] [base:get_response] [WARNING]- Not Found: /css/index.css
2018-01-07 21:37:49,934 [Thread-26:12136] [django.request:170] [base:get_response] [WARNING]- Not Found: /js/jquery.min.js
2018-01-07 21:37:49,934 [Thread-27:6420] [django.request:170] [base:get_response] [WARNING]- Not Found: /js/sliders.js
2018-01-07 21:37:49,934 [Thread-28:11572] [django.request:170] [base:get_response] [WARNING]- Not Found: /js/nav.js
2018-01-07 21:37:50,276 [Thread-29:11092] [django.request:170] [base:get_response] [WARNING]- Not Found: /images/a1.jpg
2018-01-07 21:37:50,282 [Thread-31:9072] [django.request:170] [base:get_response] [WARNING]- Not Found: /images/a3.jpg
2018-01-07 21:37:50,285 [Thread-32:10840] [django.request:170] [base:get_response] [WARNING]- Not Found: /images/a4.jpg
2018-01-07 21:37:53,447 [Thread-34:7388] [django.request:170] [base:get_response] [WARNING]- Not Found: /css/base.css
2018-01-07 21:37:53,453 [Thread-35:12684] [django.request:170] [base:get_response] [WARNING]- Not Found: /css/index.css
2018-01-07 21:37:53,457 [Thread-36:11152] [django.request:170] [base:get_response] [WARNING]- Not Found: /js/jquery.min.js
2018-01-07 21:37:53,459 [Thread-38:10396] [django.request:170] [base:get_response] [WARNING]- Not Found: /js/nav.js
2018-01-07 21:37:53,459 [Thread-37:9468] [django.request:170] [base:get_response] [WARNING]- Not Found: /js/sliders.js
2018-01-07 21:37:53,812 [Thread-39:12536] [django.request:170] [base:get_response] [WARNING]- Not Found: /js/nav.js
2018-01-07 21:37:53,813 [Thread-40:8500] [django.request:170] [base:get_response] [WARNING]- Not Found: /images/a1.jpg
2018-01-07 21:37:53,818 [Thread-42:8040] [django.request:170] [base:get_response] [WARNING]- Not Found: /images/a3.jpg
2018-01-07 21:37:53,822 [Thread-43:3508] [django.request:170] [base:get_response] [WARNING]- Not Found: /images/a4.jpg
2018-01-07 21:37:54,927 [Thread-46:7924] [django.request:170] [base:get_response] [WARNING]- Not Found: /css/base.css
2018-01-07 21:37:54,930 [Thread-47:10884] [django.request:170] [base:get_response] [WARNING]- Not Found: /css/index.css
2018-01-07 21:37:54,933 [Thread-48:11268] [django.request:170] [base:get_response] [WARNING]- Not Found: /js/jquery.min.js
2018-01-07 21:37:54,937 [Thread-49:6908] [django.request:170] [base:get_response] [WARNING]- Not Found: /js/sliders.js
2018-01-07 21:37:54,944 [Thread-50:13060] [django.request:170] [base:get_response] [WARNING]- Not Found: /js/nav.js
2018-01-07 21:37:55,325 [Thread-51:8368] [django.request:170] [base:get_response] [WARNING]- Not Found: /images/a1.jpg
2018-01-07 21:37:55,328 [Thread-53:12900] [django.request:170] [base:get_response] [WARNING]- Not Found: /images/a3.jpg
2018-01-07 21:37:55,329 [Thread-54:6216] [django.request:170] [base:get_response] [WARNING]- Not Found: /images/a4.jpg
2018-01-07 21:37:56,493 [Thread-56:3460] [django.request:170] [base:get_response] [WARNING]- Not Found: /css/base.css
2018-01-07 21:37:56,503 [Thread-57:9404] [django.request:170] [base:get_response] [WARNING]- Not Found: /css/index.css
2018-01-07 21:37:56,503 [Thread-58:10860] [django.request:170] [base:get_response] [WARNING]- Not Found: /js/jquery.min.js
2018-01-07 21:37:56,503 [Thread-60:11844] [django.request:170] [base:get_response] [WARNING]- Not Found: /js/nav.js
2018-01-07 21:37:56,503 [Thread-59:11388] [django.request:170] [base:get_response] [WARNING]- Not Found: /js/sliders.js
2018-01-07 21:37:56,848 [Thread-61:12884] [django.request:170] [base:get_response] [WARNING]- Not Found: /images/a1.jpg
2018-01-07 21:37:56,852 [Thread-63:7668] [django.request:170] [base:get_response] [WARNING]- Not Found: /images/a3.jpg
2018-01-07 21:37:56,858 [Thread-64:6656] [django.request:170] [base:get_response] [WARNING]- Not Found: /images/a4.jpg
2018-01-07 21:38:09,539 [Thread-67:7340] [django.request:170] [base:get_response] [WARNING]- Not Found: /css/base.css
2018-01-07 21:38:09,551 [Thread-70:5320] [django.request:170] [base:get_response] [WARNING]- Not Found: /js/sliders.js
2018-01-07 21:38:09,551 [Thread-71:11440] [django.request:170] [base:get_response] [WARNING]- Not Found: /js/nav.js
2018-01-07 21:38:09,552 [Thread-68:6272] [django.request:170] [base:get_response] [WARNING]- Not Found: /css/index.css
2018-01-07 21:38:09,552 [Thread-69:3304] [django.request:170] [base:get_response] [WARNING]- Not Found: /js/jquery.min.js
2018-01-07 21:38:09,887 [Thread-72:10992] [django.request:170] [base:get_response] [WARNING]- Not Found: /js/sliders.js
2018-01-07 21:38:09,888 [Thread-73:8852] [django.request:170] [base:get_response] [WARNING]- Not Found: /images/a1.jpg
2018-01-07 21:38:10,211 [Thread-74:13040] [django.request:170] [base:get_response] [WARNING]- Not Found: /js/nav.js
2018-01-07 21:38:10,216 [Thread-76:9400] [django.request:170] [base:get_response] [WARNING]- Not Found: /images/a3.jpg
2018-01-07 21:38:10,220 [Thread-77:10532] [django.request:170] [base:get_response] [WARNING]- Not Found: /images/a4.jpg
2018-01-07 21:38:10,559 [Thread-78:4140] [django.request:170] [base:get_response] [WARNING]- Not Found: /images/a1.jpg
2018-01-07 21:38:11,799 [Thread-81:6208] [django.request:170] [base:get_response] [WARNING]- Not Found: /css/base.css
2018-01-07 21:38:11,799 [Thread-82:5964] [django.request:170] [base:get_response] [WARNING]- Not Found: /css/index.css
2018-01-07 21:38:11,802 [Thread-83:7096] [django.request:170] [base:get_response] [WARNING]- Not Found: /js/jquery.min.js
2018-01-07 21:38:11,802 [Thread-84:8804] [django.request:170] [base:get_response] [WARNING]- Not Found: /js/sliders.js
2018-01-07 21:38:11,802 [Thread-85:12172] [django.request:170] [base:get_response] [WARNING]- Not Found: /js/nav.js
2018-01-07 21:38:12,140 [Thread-86:5284] [django.request:170] [base:get_response] [WARNING]- Not Found: /images/a1.jpg
2018-01-07 21:38:12,142 [Thread-88:10608] [django.request:170] [base:get_response] [WARNING]- Not Found: /images/a3.jpg
2018-01-07 21:38:12,144 [Thread-89:13112] [django.request:170] [base:get_response] [WARNING]- Not Found: /images/a4.jpg
2018-01-07 21:46:49,301 [Thread-3:1576] [django.request:170] [base:get_response] [WARNING]- Not Found: /css/base.css
2018-01-07 21:46:49,303 [Thread-4:6600] [django.request:170] [base:get_response] [WARNING]- Not Found: /css/index.css
2018-01-07 21:46:49,305 [Thread-5:11560] [django.request:170] [base:get_response] [WARNING]- Not Found: /js/jquery.min.js
2018-01-07 21:46:49,305 [Thread-6:5288] [django.request:170] [base:get_response] [WARNING]- Not Found: /js/sliders.js
2018-01-07 21:46:49,305 [Thread-7:4276] [django.request:170] [base:get_response] [WARNING]- Not Found: /js/nav.js
2018-01-07 21:46:49,650 [Thread-8:5780] [django.request:170] [base:get_response] [WARNING]- Not Found: /images/a1.jpg
2018-01-07 21:46:49,651 [Thread-10:13204] [django.request:170] [base:get_response] [WARNING]- Not Found: /images/a3.jpg
2018-01-07 21:46:49,654 [Thread-11:9224] [django.request:170] [base:get_response] [WARNING]- Not Found: /images/a4.jpg
2018-01-07 21:47:00,092 [Thread-13:9036] [django.request:170] [base:get_response] [WARNING]- Not Found: /css/base.css
2018-01-07 21:47:00,104 [Thread-15:11756] [django.request:170] [base:get_response] [WARNING]- Not Found: /js/jquery.min.js
2018-01-07 21:47:00,105 [Thread-14:12616] [django.request:170] [base:get_response] [WARNING]- Not Found: /css/index.css
2018-01-07 21:47:00,105 [Thread-16:3992] [django.request:170] [base:get_response] [WARNING]- Not Found: /js/sliders.js
2018-01-07 21:47:00,105 [Thread-17:9388] [django.request:170] [base:get_response] [WARNING]- Not Found: /js/nav.js
2018-01-07 21:47:00,447 [Thread-18:11984] [django.request:170] [base:get_response] [WARNING]- Not Found: /js/sliders.js
2018-01-07 21:47:00,447 [Thread-19:7468] [django.request:170] [base:get_response] [WARNING]- Not Found: /images/a1.jpg
2018-01-07 21:47:00,694 [Thread-20:12504] [django.request:170] [base:get_response] [WARNING]- Not Found: /js/nav.js
2018-01-07 21:47:00,779 [Thread-21:11912] [django.request:170] [base:get_response] [WARNING]- Not Found: /images/a3.jpg
2018-01-07 21:47:00,780 [Thread-22:8100] [django.request:170] [base:get_response] [WARNING]- Not Found: /images/a4.jpg
2018-01-07 21:47:00,780 [Thread-23:3436] [django.request:170] [base:get_response] [WARNING]- Not Found: /images/a1.jpg
2018-01-07 21:47:02,667 [Thread-25:1688] [django.request:170] [base:get_response] [WARNING]- Not Found: /css/base.css
2018-01-07 21:47:02,667 [Thread-26:5836] [django.request:170] [base:get_response] [WARNING]- Not Found: /css/index.css
2018-01-07 21:47:02,667 [Thread-27:13032] [django.request:170] [base:get_response] [WARNING]- Not Found: /js/jquery.min.js
2018-01-07 21:47:02,668 [Thread-28:3044] [django.request:170] [base:get_response] [WARNING]- Not Found: /js/sliders.js
2018-01-07 21:47:02,671 [Thread-29:11492] [django.request:170] [base:get_response] [WARNING]- Not Found: /js/nav.js
2018-01-07 21:47:03,059 [Thread-31:12892] [django.request:170] [base:get_response] [WARNING]- Not Found: /images/a3.jpg
2018-01-07 21:47:03,059 [Thread-30:8856] [django.request:170] [base:get_response] [WARNING]- Not Found: /images/a1.jpg
2018-01-07 21:47:03,062 [Thread-32:11196] [django.request:170] [base:get_response] [WARNING]- Not Found: /images/a4.jpg
2018-01-07 21:47:05,114 [Thread-34:8312] [django.request:170] [base:get_response] [WARNING]- Not Found: /css/base.css
2018-01-07 21:47:05,115 [Thread-35:6180] [django.request:170] [base:get_response] [WARNING]- Not Found: /css/index.css
2018-01-07 21:47:05,115 [Thread-36:5008] [django.request:170] [base:get_response] [WARNING]- Not Found: /js/jquery.min.js
2018-01-07 21:47:05,117 [Thread-37:4608] [django.request:170] [base:get_response] [WARNING]- Not Found: /js/sliders.js
2018-01-07 21:47:05,118 [Thread-38:11768] [django.request:170] [base:get_response] [WARNING]- Not Found: /js/nav.js
2018-01-07 21:47:05,489 [Thread-39:11060] [django.request:170] [base:get_response] [WARNING]- Not Found: /images/a1.jpg
2018-01-07 21:47:05,490 [Thread-40:12292] [django.request:170] [base:get_response] [WARNING]- Not Found: /images/a3.jpg
2018-01-07 21:47:05,490 [Thread-41:7268] [django.request:170] [base:get_response] [WARNING]- Not Found: /images/a4.jpg
2018-01-07 21:48:59,944 [Thread-44:3920] [django.request:170] [base:get_response] [WARNING]- Not Found: /css/base.css
2018-01-07 21:48:59,947 [Thread-45:2744] [django.request:170] [base:get_response] [WARNING]- Not Found: /css/index.css
2018-01-07 21:48:59,950 [Thread-46:8136] [django.request:170] [base:get_response] [WARNING]- Not Found: /js/jquery.min.js
2018-01-07 21:48:59,950 [Thread-47:11328] [django.request:170] [base:get_response] [WARNING]- Not Found: /js/sliders.js
2018-01-07 21:48:59,950 [Thread-48:2060] [django.request:170] [base:get_response] [WARNING]- Not Found: /js/nav.js
2018-01-07 21:49:00,290 [Thread-49:7452] [django.request:170] [base:get_response] [WARNING]- Not Found: /images/a1.jpg
2018-01-07 21:49:00,292 [Thread-50:2680] [django.request:170] [base:get_response] [WARNING]- Not Found: /images/a3.jpg
2018-01-07 21:49:00,295 [Thread-51:1380] [django.request:170] [base:get_response] [WARNING]- Not Found: /images/a4.jpg
2018-01-07 21:49:02,259 [Thread-53:7432] [django.request:170] [base:get_response] [WARNING]- Not Found: /css/base.css
2018-01-07 21:49:02,262 [Thread-54:12532] [django.request:170] [base:get_response] [WARNING]- Not Found: /css/index.css
2018-01-07 21:49:02,263 [Thread-55:1924] [django.request:170] [base:get_response] [WARNING]- Not Found: /js/jquery.min.js
2018-01-07 21:49:02,263 [Thread-57:9288] [django.request:170] [base:get_response] [WARNING]- Not Found: /js/nav.js
2018-01-07 21:49:02,263 [Thread-56:10544] [django.request:170] [base:get_response] [WARNING]- Not Found: /js/sliders.js
2018-01-07 21:49:02,611 [Thread-58:11284] [django.request:170] [base:get_response] [WARNING]- Not Found: /js/nav.js
2018-01-07 21:49:02,612 [Thread-59:1892] [django.request:170] [base:get_response] [WARNING]- Not Found: /images/a1.jpg
2018-01-07 21:49:02,615 [Thread-60:11452] [django.request:170] [base:get_response] [WARNING]- Not Found: /images/a3.jpg
2018-01-07 21:49:02,621 [Thread-61:6096] [django.request:170] [base:get_response] [WARNING]- Not Found: /images/a4.jpg
2018-01-07 21:49:07,262 [Thread-63:7976] [django.request:170] [base:get_response] [WARNING]- Not Found: /css/base.css
2018-01-07 21:49:07,276 [Thread-65:13020] [django.request:170] [base:get_response] [WARNING]- Not Found: /js/jquery.min.js
2018-01-07 21:49:07,276 [Thread-64:12788] [django.request:170] [base:get_response] [WARNING]- Not Found: /css/index.css
2018-01-07 21:49:07,276 [Thread-67:8388] [django.request:170] [base:get_response] [WARNING]- Not Found: /js/nav.js
2018-01-07 21:49:07,276 [Thread-66:7744] [django.request:170] [base:get_response] [WARNING]- Not Found: /js/sliders.js
2018-01-07 21:49:07,618 [Thread-68:10260] [django.request:170] [base:get_response] [WARNING]- Not Found: /images/a1.jpg
2018-01-07 21:49:07,618 [Thread-69:11340] [django.request:170] [base:get_response] [WARNING]- Not Found: /images/a3.jpg
2018-01-07 21:49:07,621 [Thread-70:11688] [django.request:170] [base:get_response] [WARNING]- Not Found: /images/a4.jpg
2018-01-07 21:49:09,484 [Thread-72:116] [django.request:170] [base:get_response] [WARNING]- Not Found: /css/base.css
2018-01-07 21:49:09,486 [Thread-73:7748] [django.request:170] [base:get_response] [WARNING]- Not Found: /css/index.css
2018-01-07 21:49:09,486 [Thread-74:6672] [django.request:170] [base:get_response] [WARNING]- Not Found: /js/jquery.min.js
2018-01-07 21:49:09,487 [Thread-75:10740] [django.request:170] [base:get_response] [WARNING]- Not Found: /js/sliders.js
2018-01-07 21:49:09,494 [Thread-76:10560] [django.request:170] [base:get_response] [WARNING]- Not Found: /js/nav.js
2018-01-07 21:49:09,884 [Thread-77:6192] [django.request:170] [base:get_response] [WARNING]- Not Found: /images/a1.jpg
2018-01-07 21:49:09,884 [Thread-78:13260] [django.request:170] [base:get_response] [WARNING]- Not Found: /images/a3.jpg
2018-01-07 21:49:09,884 [Thread-79:5092] [django.request:170] [base:get_response] [WARNING]- Not Found: /images/a4.jpg
2018-01-07 21:50:12,697 [Thread-81:11280] [django.request:170] [base:get_response] [WARNING]- Not Found: /css/base.css
2018-01-07 21:50:12,706 [Thread-82:4236] [django.request:170] [base:get_response] [WARNING]- Not Found: /css/index.css
2018-01-07 21:50:12,707 [Thread-83:13156] [django.request:170] [base:get_response] [WARNING]- Not Found: /js/jquery.min.js
2018-01-07 21:50:12,707 [Thread-85:5644] [django.request:170] [base:get_response] [WARNING]- Not Found: /js/nav.js
2018-01-07 21:50:12,707 [Thread-84:9524] [django.request:170] [base:get_response] [WARNING]- Not Found: /js/sliders.js
2018-01-07 21:50:13,055 [Thread-86:10908] [django.request:170] [base:get_response] [WARNING]- Not Found: /js/nav.js
2018-01-07 21:50:13,055 [Thread-87:5844] [django.request:170] [base:get_response] [WARNING]- Not Found: /images/a1.jpg
2018-01-07 21:50:13,055 [Thread-88:7404] [django.request:170] [base:get_response] [WARNING]- Not Found: /images/a3.jpg
2018-01-07 21:50:13,058 [Thread-89:7332] [django.request:170] [base:get_response] [WARNING]- Not Found: /images/a4.jpg
2018-01-07 21:50:15,193 [Thread-91:12516] [django.request:170] [base:get_response] [WARNING]- Not Found: /css/base.css
2018-01-07 21:50:15,207 [Thread-92:8632] [django.request:170] [base:get_response] [WARNING]- Not Found: /css/index.css
2018-01-07 21:50:15,207 [Thread-93:524] [django.request:170] [base:get_response] [WARNING]- Not Found: /js/jquery.min.js
2018-01-07 21:50:15,209 [Thread-94:13228] [django.request:170] [base:get_response] [WARNING]- Not Found: /js/sliders.js
2018-01-07 21:50:15,209 [Thread-95:1812] [django.request:170] [base:get_response] [WARNING]- Not Found: /js/nav.js
2018-01-07 21:50:15,553 [Thread-96:3680] [django.request:170] [base:get_response] [WARNING]- Not Found: /images/a1.jpg
2018-01-07 21:50:15,555 [Thread-97:6232] [django.request:170] [base:get_response] [WARNING]- Not Found: /images/a3.jpg
2018-01-07 21:50:15,555 [Thread-98:11180] [django.request:170] [base:get_response] [WARNING]- Not Found: /images/a4.jpg
2018-01-07 21:50:27,732 [Thread-101:12624] [django.request:170] [base:get_response] [WARNING]- Not Found: /css/base.css
2018-01-07 21:50:27,734 [Thread-102:3556] [django.request:170] [base:get_response] [WARNING]- Not Found: /css/index.css
2018-01-07 21:50:27,737 [Thread-103:4500] [django.request:170] [base:get_response] [WARNING]- Not Found: /js/jquery.min.js
2018-01-07 21:50:27,739 [Thread-104:10248] [django.request:170] [base:get_response] [WARNING]- Not Found: /js/sliders.js
2018-01-07 21:50:27,739 [Thread-105:9208] [django.request:170] [base:get_response] [WARNING]- Not Found: /js/nav.js
2018-01-07 21:50:28,086 [Thread-106:2612] [django.request:170] [base:get_response] [WARNING]- Not Found: /js/nav.js
2018-01-07 21:50:28,088 [Thread-107:2580] [django.request:170] [base:get_response] [WARNING]- Not Found: /images/a1.jpg
2018-01-07 21:50:28,092 [Thread-108:10804] [django.request:170] [base:get_response] [WARNING]- Not Found: /images/a3.jpg
2018-01-07 21:50:28,096 [Thread-109:364] [django.request:170] [base:get_response] [WARNING]- Not Found: /images/a4.jpg
2018-01-07 21:50:31,713 [Thread-110:776] [django.request:170] [base:get_response] [WARNING]- Not Found: /css/base.css
2018-01-07 21:50:31,848 [Thread-111:9312] [django.request:170] [base:get_response] [WARNING]- Not Found: /css/index.css
2018-01-07 21:50:31,848 [Thread-113:10048] [django.request:170] [base:get_response] [WARNING]- Not Found: /js/nav.js
2018-01-07 21:50:31,849 [Thread-112:10972] [django.request:170] [base:get_response] [WARNING]- Not Found: /js/jquery.min.js
2018-01-07 21:50:33,276 [Thread-115:6092] [django.request:170] [base:get_response] [WARNING]- Not Found: /css/base.css
2018-01-07 21:50:33,565 [Thread-117:3212] [django.request:170] [base:get_response] [WARNING]- Not Found: /js/jquery.min.js
2018-01-07 21:50:33,565 [Thread-116:10180] [django.request:170] [base:get_response] [WARNING]- Not Found: /css/index.css
2018-01-07 21:50:33,566 [Thread-118:5596] [django.request:170] [base:get_response] [WARNING]- Not Found: /js/sliders.js
2018-01-07 21:50:33,569 [Thread-119:7828] [django.request:170] [base:get_response] [WARNING]- Not Found: /js/nav.js
2018-01-07 21:50:33,960 [Thread-120:7288] [django.request:170] [base:get_response] [WARNING]- Not Found: /images/a1.jpg
2018-01-07 21:50:33,960 [Thread-121:13296] [django.request:170] [base:get_response] [WARNING]- Not Found: /images/a3.jpg
2018-01-07 21:50:33,964 [Thread-122:7436] [django.request:170] [base:get_response] [WARNING]- Not Found: /images/a4.jpg
2018-01-07 21:50:59,999 [Thread-125:12564] [django.request:170] [base:get_response] [WARNING]- Not Found: /css/base.css
2018-01-07 21:51:00,000 [Thread-126:5276] [django.request:170] [base:get_response] [WARNING]- Not Found: /css/index.css
2018-01-07 21:51:00,003 [Thread-127:10292] [django.request:170] [base:get_response] [WARNING]- Not Found: /js/jquery.min.js
2018-01-07 21:51:00,006 [Thread-129:4380] [django.request:170] [base:get_response] [WARNING]- Not Found: /js/nav.js
2018-01-07 21:51:00,006 [Thread-128:12072] [django.request:170] [base:get_response] [WARNING]- Not Found: /js/sliders.js
2018-01-07 21:51:00,345 [Thread-130:5040] [django.request:170] [base:get_response] [WARNING]- Not Found: /js/nav.js
2018-01-07 21:51:02,002 [Thread-135:9448] [django.request:170] [base:get_response] [WARNING]- Not Found: /css/base.css
2018-01-07 21:51:02,013 [Thread-136:9140] [django.request:170] [base:get_response] [WARNING]- Not Found: /css/index.css
2018-01-07 21:51:02,015 [Thread-137:11224] [django.request:170] [base:get_response] [WARNING]- Not Found: /js/jquery.min.js
2018-01-07 21:51:02,015 [Thread-138:6048] [django.request:170] [base:get_response] [WARNING]- Not Found: /js/sliders.js
2018-01-07 21:51:02,015 [Thread-139:11712] [django.request:170] [base:get_response] [WARNING]- Not Found: /js/nav.js
2018-01-07 21:51:02,358 [Thread-140:12592] [django.request:170] [base:get_response] [WARNING]- Not Found: /js/nav.js
2018-01-07 21:51:03,913 [Thread-148:11616] [django.request:170] [base:get_response] [WARNING]- Not Found: /css/base.css
2018-01-07 21:51:03,914 [Thread-149:8612] [django.request:170] [base:get_response] [WARNING]- Not Found: /css/index.css
2018-01-07 21:51:03,920 [Thread-150:6988] [django.request:170] [base:get_response] [WARNING]- Not Found: /js/jquery.min.js
2018-01-07 21:51:03,924 [Thread-151:1428] [django.request:170] [base:get_response] [WARNING]- Not Found: /js/sliders.js
2018-01-07 21:51:03,931 [Thread-152:4920] [django.request:170] [base:get_response] [WARNING]- Not Found: /js/nav.js
2018-01-07 21:51:19,532 [Thread-4:1916] [django.request:170] [base:get_response] [WARNING]- Not Found: /css/index.css
2018-01-07 21:51:19,532 [Thread-7:9884] [django.request:170] [base:get_response] [WARNING]- Not Found: /js/nav.js
2018-01-07 21:51:19,532 [Thread-5:9152] [django.request:170] [base:get_response] [WARNING]- Not Found: /js/jquery.min.js
2018-01-07 21:51:19,532 [Thread-3:732] [django.request:170] [base:get_response] [WARNING]- Not Found: /css/base.css
2018-01-07 21:51:19,532 [Thread-6:6252] [django.request:170] [base:get_response] [WARNING]- Not Found: /js/sliders.js
2018-01-07 21:51:19,871 [Thread-8:9352] [django.request:170] [base:get_response] [WARNING]- Not Found: /js/nav.js
2018-01-07 21:51:21,950 [Thread-13:12824] [django.request:170] [base:get_response] [WARNING]- Not Found: /css/base.css
2018-01-07 21:51:21,967 [Thread-14:8544] [django.request:170] [base:get_response] [WARNING]- Not Found: /css/index.css
2018-01-07 21:51:21,967 [Thread-15:8348] [django.request:170] [base:get_response] [WARNING]- Not Found: /js/jquery.min.js
2018-01-07 21:51:21,969 [Thread-16:11004] [django.request:170] [base:get_response] [WARNING]- Not Found: /js/sliders.js
2018-01-07 21:51:21,969 [Thread-17:4720] [django.request:170] [base:get_response] [WARNING]- Not Found: /js/nav.js
2018-01-07 21:52:30,953 [Thread-23:6388] [django.request:170] [base:get_response] [WARNING]- Not Found: /css/base.css
2018-01-07 21:52:30,967 [Thread-24:10580] [django.request:170] [base:get_response] [WARNING]- Not Found: /css/index.css
2018-01-07 21:52:30,969 [Thread-25:2184] [django.request:170] [base:get_response] [WARNING]- Not Found: /js/jquery.min.js
2018-01-07 21:52:30,969 [Thread-26:6432] [django.request:170] [base:get_response] [WARNING]- Not Found: /js/sliders.js
2018-01-07 21:52:30,970 [Thread-27:9284] [django.request:170] [base:get_response] [WARNING]- Not Found: /js/nav.js
2018-01-07 21:52:32,944 [Thread-32:12232] [django.request:170] [base:get_response] [WARNING]- Not Found: /css/base.css
2018-01-07 21:52:32,947 [Thread-33:11140] [django.request:170] [base:get_response] [WARNING]- Not Found: /css/index.css
2018-01-07 21:52:32,951 [Thread-34:9612] [django.request:170] [base:get_response] [WARNING]- Not Found: /js/jquery.min.js
2018-01-07 21:52:32,953 [Thread-36:4040] [django.request:170] [base:get_response] [WARNING]- Not Found: /js/nav.js
2018-01-07 21:52:32,953 [Thread-35:6360] [django.request:170] [base:get_response] [WARNING]- Not Found: /js/sliders.js
2018-01-07 21:52:33,290 [Thread-37:11324] [django.request:170] [base:get_response] [WARNING]- Not Found: /js/nav.js
2018-01-07 21:52:35,276 [Thread-44:10640] [django.request:170] [base:get_response] [WARNING]- Not Found: /css/base.css
2018-01-07 21:52:35,289 [Thread-45:10080] [django.request:170] [base:get_response] [WARNING]- Not Found: /css/index.css
2018-01-07 21:52:35,289 [Thread-46:2952] [django.request:170] [base:get_response] [WARNING]- Not Found: /js/jquery.min.js
2018-01-07 21:52:35,292 [Thread-48:8264] [django.request:170] [base:get_response] [WARNING]- Not Found: /js/nav.js
2018-01-07 21:52:35,292 [Thread-47:12440] [django.request:170] [base:get_response] [WARNING]- Not Found: /js/sliders.js
2018-01-07 21:52:35,665 [Thread-49:12304] [django.request:170] [base:get_response] [WARNING]- Not Found: /js/nav.js
2018-01-07 21:52:40,934 [Thread-56:12612] [django.request:170] [base:get_response] [WARNING]- Not Found: /css/base.css
2018-01-07 21:52:40,934 [Thread-57:8028] [django.request:170] [base:get_response] [WARNING]- Not Found: /css/index.css
2018-01-07 21:52:40,936 [Thread-58:2508] [django.request:170] [base:get_response] [WARNING]- Not Found: /js/jquery.min.js
2018-01-07 21:52:40,937 [Thread-59:11640] [django.request:170] [base:get_response] [WARNING]- Not Found: /js/sliders.js
2018-01-07 21:52:40,940 [Thread-60:7824] [django.request:170] [base:get_response] [WARNING]- Not Found: /js/nav.js
2018-01-07 21:52:42,680 [Thread-65:12724] [django.request:170] [base:get_response] [WARNING]- Not Found: /css/base.css
2018-01-07 21:52:42,684 [Thread-66:10728] [django.request:170] [base:get_response] [WARNING]- Not Found: /css/index.css
2018-01-07 21:52:42,684 [Thread-67:5364] [django.request:170] [base:get_response] [WARNING]- Not Found: /js/jquery.min.js
2018-01-07 21:52:42,684 [Thread-69:7464] [django.request:170] [base:get_response] [WARNING]- Not Found: /js/nav.js
2018-01-07 21:52:42,686 [Thread-68:8828] [django.request:170] [base:get_response] [WARNING]- Not Found: /js/sliders.js
2018-01-07 21:52:43,035 [Thread-70:3584] [django.request:170] [base:get_response] [WARNING]- Not Found: /js/nav.js
2018-01-07 21:53:16,756 [Thread-79:8888] [django.request:170] [base:get_response] [WARNING]- Not Found: /css/base.css
2018-01-07 21:53:16,763 [Thread-80:11784] [django.request:170] [base:get_response] [WARNING]- Not Found: /css/index.css
2018-01-07 21:53:16,766 [Thread-81:8004] [django.request:170] [base:get_response] [WARNING]- Not Found: /js/jquery.min.js
2018-01-07 21:53:16,767 [Thread-82:11144] [django.request:170] [base:get_response] [WARNING]- Not Found: /js/sliders.js
2018-01-07 21:53:16,769 [Thread-83:2120] [django.request:170] [base:get_response] [WARNING]- Not Found: /js/nav.js
2018-01-07 21:53:16,871 [Thread-88:12828] [django.request:170] [base:get_response] [WARNING]- Not Found: /favicon.ico
2018-01-07 21:54:18,621 [Thread-90:1776] [django.request:170] [base:get_response] [WARNING]- Not Found: /css/base.css
2018-01-07 21:54:18,625 [Thread-91:6852] [django.request:170] [base:get_response] [WARNING]- Not Found: /css/index.css
2018-01-07 21:54:18,625 [Thread-92:8988] [django.request:170] [base:get_response] [WARNING]- Not Found: /js/jquery.min.js
2018-01-07 21:54:18,625 [Thread-93:11984] [django.request:170] [base:get_response] [WARNING]- Not Found: /js/sliders.js
2018-01-07 21:54:18,625 [Thread-94:7468] [django.request:170] [base:get_response] [WARNING]- Not Found: /js/nav.js
2018-01-07 21:54:18,663 [Thread-98:3044] [django.request:170] [base:get_response] [WARNING]- Not Found: /js/nav.js
2018-01-07 21:55:45,232 [Thread-101:10560] [django.request:170] [base:get_response] [WARNING]- Not Found: /css/base.css
2018-01-07 21:55:45,233 [Thread-102:6192] [django.request:170] [base:get_response] [WARNING]- Not Found: /css/index.css
2018-01-07 21:55:45,233 [Thread-103:13260] [django.request:170] [base:get_response] [WARNING]- Not Found: /js/jquery.min.js
2018-01-07 21:55:45,233 [Thread-104:5092] [django.request:170] [base:get_response] [WARNING]- Not Found: /js/sliders.js
2018-01-07 21:55:45,233 [Thread-105:3536] [django.request:170] [base:get_response] [WARNING]- Not Found: /js/nav.js
2018-01-07 21:55:45,266 [Thread-106:8904] [django.request:170] [base:get_response] [WARNING]- Not Found: /js/nav.js
2018-01-07 23:50:04,539 [Thread-136:9836] [django.request:170] [base:get_response] [WARNING]- Not Found: /favicon.ico
